<?xml version="1.0" encoding="UTF-8"?>
<!-- Generated by org.testng.reporters.JUnitReportReporter -->
<testsuite skipped="0" hostname="NISANTHO-9T0AP" name="homepage.TC002_Addingtwonumbers" tests="1" failures="0" timestamp="09 Oct 2018 11:31:50 GMT" time="7.960" errors="0">
  <testcase name="CalculatorPage" time="7.960" classname="homepage.TC002_Addingtwonumbers"/>
</testsuite> <!-- homepage.TC002_Addingtwonumbers -->
