<?xml version="1.0" encoding="UTF-8"?>
<!-- Generated by org.testng.reporters.JUnitReportReporter -->
<testsuite skipped="0" hostname="NISANTHO-9T0AP" name="homepage.TC001_VerifyLandingpage" tests="1" failures="0" timestamp="08 Oct 2018 11:53:20 GMT" time="2.529" errors="0">
  <testcase name="LandingPage" time="2.529" classname="homepage.TC001_VerifyLandingpage"/>
</testsuite> <!-- homepage.TC001_VerifyLandingpage -->
